<?xml version="1.0" encoding="UTF-8"?>
<testsuite xmlns:xsi="http://www.w3.org/2001/XMLSchema-instance" xsi:noNamespaceSchemaLocation="https://maven.apache.org/surefire/maven-surefire-plugin/xsd/surefire-test-report-3.0.xsd" version="3.0" name="TestSuite" time="12.943" tests="14" errors="0" skipped="0" failures="0">
  <properties>
    <property name="sun.desktop" value="windows"/>
    <property name="awt.toolkit" value="sun.awt.windows.WToolkit"/>
    <property name="java.specification.version" value="11"/>
    <property name="sun.cpu.isalist" value="amd64"/>
    <property name="sun.jnu.encoding" value="Cp1252"/>
    <property name="java.class.path" value="C:\Users\Dagoberto\eclipse-workspace\Students.APIAutomation\target\test-classes;C:\Users\Dagoberto\eclipse-workspace\Students.APIAutomation\target\classes;C:\Users\Dagoberto\.m2\repository\io\rest-assured\rest-assured\5.3.0\rest-assured-5.3.0.jar;C:\Users\Dagoberto\.m2\repository\org\apache\groovy\groovy\4.0.6\groovy-4.0.6.jar;C:\Users\Dagoberto\.m2\repository\org\apache\groovy\groovy-xml\4.0.6\groovy-xml-4.0.6.jar;C:\Users\Dagoberto\.m2\repository\org\apache\httpcomponents\httpclient\4.5.13\httpclient-4.5.13.jar;C:\Users\Dagoberto\.m2\repository\org\apache\httpcomponents\httpcore\4.4.13\httpcore-4.4.13.jar;C:\Users\Dagoberto\.m2\repository\commons-logging\commons-logging\1.2\commons-logging-1.2.jar;C:\Users\Dagoberto\.m2\repository\org\apache\httpcomponents\httpmime\4.5.13\httpmime-4.5.13.jar;C:\Users\Dagoberto\.m2\repository\org\hamcrest\hamcrest\2.1\hamcrest-2.1.jar;C:\Users\Dagoberto\.m2\repository\org\ccil\cowan\tagsoup\tagsoup\1.2.1\tagsoup-1.2.1.jar;C:\Users\Dagoberto\.m2\repository\org\json\json\20230227\json-20230227.jar;C:\Users\Dagoberto\.m2\repository\io\rest-assured\json-path\5.3.0\json-path-5.3.0.jar;C:\Users\Dagoberto\.m2\repository\org\apache\groovy\groovy-json\4.0.6\groovy-json-4.0.6.jar;C:\Users\Dagoberto\.m2\repository\io\rest-assured\rest-assured-common\5.3.0\rest-assured-common-5.3.0.jar;C:\Users\Dagoberto\.m2\repository\io\rest-assured\xml-path\5.3.0\xml-path-5.3.0.jar;C:\Users\Dagoberto\.m2\repository\org\apache\commons\commons-lang3\3.11\commons-lang3-3.11.jar;C:\Users\Dagoberto\.m2\repository\io\rest-assured\json-schema-validator\5.3.0\json-schema-validator-5.3.0.jar;C:\Users\Dagoberto\.m2\repository\com\github\java-json-tools\json-schema-validator\2.2.14\json-schema-validator-2.2.14.jar;C:\Users\Dagoberto\.m2\repository\com\google\guava\guava\28.2-android\guava-28.2-android.jar;C:\Users\Dagoberto\.m2\repository\com\google\guava\failureaccess\1.0.1\failureaccess-1.0.1.jar;C:\Users\Dagoberto\.m2\repository\com\google\guava\listenablefuture\9999.0-empty-to-avoid-conflict-with-guava\listenablefuture-9999.0-empty-to-avoid-conflict-with-guava.jar;C:\Users\Dagoberto\.m2\repository\org\checkerframework\checker-compat-qual\2.5.5\checker-compat-qual-2.5.5.jar;C:\Users\Dagoberto\.m2\repository\com\google\errorprone\error_prone_annotations\2.3.4\error_prone_annotations-2.3.4.jar;C:\Users\Dagoberto\.m2\repository\com\google\j2objc\j2objc-annotations\1.3\j2objc-annotations-1.3.jar;C:\Users\Dagoberto\.m2\repository\com\github\java-json-tools\jackson-coreutils-equivalence\1.0\jackson-coreutils-equivalence-1.0.jar;C:\Users\Dagoberto\.m2\repository\com\github\java-json-tools\jackson-coreutils\2.0\jackson-coreutils-2.0.jar;C:\Users\Dagoberto\.m2\repository\com\github\java-json-tools\msg-simple\1.2\msg-simple-1.2.jar;C:\Users\Dagoberto\.m2\repository\com\github\java-json-tools\btf\1.3\btf-1.3.jar;C:\Users\Dagoberto\.m2\repository\com\github\java-json-tools\json-schema-core\1.2.14\json-schema-core-1.2.14.jar;C:\Users\Dagoberto\.m2\repository\com\github\java-json-tools\uri-template\0.10\uri-template-0.10.jar;C:\Users\Dagoberto\.m2\repository\org\mozilla\rhino\1.7.7.2\rhino-1.7.7.2.jar;C:\Users\Dagoberto\.m2\repository\com\sun\mail\mailapi\1.6.2\mailapi-1.6.2.jar;C:\Users\Dagoberto\.m2\repository\joda-time\joda-time\2.10.5\joda-time-2.10.5.jar;C:\Users\Dagoberto\.m2\repository\com\googlecode\libphonenumber\libphonenumber\8.11.1\libphonenumber-8.11.1.jar;C:\Users\Dagoberto\.m2\repository\com\google\code\findbugs\jsr305\3.0.2\jsr305-3.0.2.jar;C:\Users\Dagoberto\.m2\repository\net\sf\jopt-simple\jopt-simple\5.0.4\jopt-simple-5.0.4.jar;C:\Users\Dagoberto\.m2\repository\com\github\scribejava\scribejava-apis\8.3.3\scribejava-apis-8.3.3.jar;C:\Users\Dagoberto\.m2\repository\com\github\scribejava\scribejava-core\8.3.3\scribejava-core-8.3.3.jar;C:\Users\Dagoberto\.m2\repository\com\github\scribejava\scribejava-java8\8.3.3\scribejava-java8-8.3.3.jar;C:\Users\Dagoberto\.m2\repository\com\fasterxml\jackson\core\jackson-databind\2.14.0\jackson-databind-2.14.0.jar;C:\Users\Dagoberto\.m2\repository\com\fasterxml\jackson\core\jackson-annotations\2.14.0\jackson-annotations-2.14.0.jar;C:\Users\Dagoberto\.m2\repository\com\fasterxml\jackson\core\jackson-core\2.14.0\jackson-core-2.14.0.jar;C:\Users\Dagoberto\.m2\repository\com\google\code\gson\gson\2.10.1\gson-2.10.1.jar;C:\Users\Dagoberto\.m2\repository\org\testng\testng\7.7.1\testng-7.7.1.jar;C:\Users\Dagoberto\.m2\repository\org\slf4j\slf4j-api\1.7.36\slf4j-api-1.7.36.jar;C:\Users\Dagoberto\.m2\repository\com\beust\jcommander\1.82\jcommander-1.82.jar;C:\Users\Dagoberto\.m2\repository\org\webjars\jquery\3.6.1\jquery-3.6.1.jar;C:\Users\Dagoberto\.m2\repository\com\github\javafaker\javafaker\1.0.2\javafaker-1.0.2.jar;C:\Users\Dagoberto\.m2\repository\org\yaml\snakeyaml\1.23\snakeyaml-1.23-android.jar;C:\Users\Dagoberto\.m2\repository\com\github\mifmif\generex\1.0.2\generex-1.0.2.jar;C:\Users\Dagoberto\.m2\repository\dk\brics\automaton\automaton\1.11-8\automaton-1.11-8.jar;C:\Users\Dagoberto\.m2\repository\com\aventstack\extentreports\5.0.9\extentreports-5.0.9.jar;C:\Users\Dagoberto\.m2\repository\io\reactivex\rxjava3\rxjava\3.0.4\rxjava-3.0.4.jar;C:\Users\Dagoberto\.m2\repository\org\reactivestreams\reactive-streams\1.0.3\reactive-streams-1.0.3.jar;C:\Users\Dagoberto\.m2\repository\org\freemarker\freemarker\2.3.30\freemarker-2.3.30.jar;C:\Users\Dagoberto\.m2\repository\org\projectlombok\lombok\1.18.12\lombok-1.18.12.jar;C:\Users\Dagoberto\.m2\repository\org\apache\poi\poi\5.2.3\poi-5.2.3.jar;C:\Users\Dagoberto\.m2\repository\commons-codec\commons-codec\1.15\commons-codec-1.15.jar;C:\Users\Dagoberto\.m2\repository\org\apache\commons\commons-collections4\4.4\commons-collections4-4.4.jar;C:\Users\Dagoberto\.m2\repository\org\apache\commons\commons-math3\3.6.1\commons-math3-3.6.1.jar;C:\Users\Dagoberto\.m2\repository\commons-io\commons-io\2.11.0\commons-io-2.11.0.jar;C:\Users\Dagoberto\.m2\repository\com\zaxxer\SparseBitSet\1.2\SparseBitSet-1.2.jar;C:\Users\Dagoberto\.m2\repository\org\apache\poi\poi-ooxml\5.2.3\poi-ooxml-5.2.3.jar;C:\Users\Dagoberto\.m2\repository\org\apache\poi\poi-ooxml-lite\5.2.3\poi-ooxml-lite-5.2.3.jar;C:\Users\Dagoberto\.m2\repository\org\apache\xmlbeans\xmlbeans\5.1.1\xmlbeans-5.1.1.jar;C:\Users\Dagoberto\.m2\repository\org\apache\commons\commons-compress\1.21\commons-compress-1.21.jar;C:\Users\Dagoberto\.m2\repository\com\github\virtuald\curvesapi\1.07\curvesapi-1.07.jar;C:\Users\Dagoberto\.m2\repository\org\apache\logging\log4j\log4j-core\2.20.0\log4j-core-2.20.0.jar;C:\Users\Dagoberto\.m2\repository\org\apache\logging\log4j\log4j-api\2.20.0\log4j-api-2.20.0.jar;"/>
    <property name="java.vm.vendor" value="Microsoft"/>
    <property name="sun.arch.data.model" value="64"/>
    <property name="user.variant" value=""/>
    <property name="java.vendor.url" value="https://www.microsoft.com"/>
    <property name="user.timezone" value="America/Mexico_City"/>
    <property name="java.vm.specification.version" value="11"/>
    <property name="os.name" value="Windows 10"/>
    <property name="sun.java.launcher" value="SUN_STANDARD"/>
    <property name="user.country" value="MX"/>
    <property name="sun.boot.library.path" value="C:\Program Files\Microsoft\jdk-11.0.16.8-hotspot\bin"/>
    <property name="sun.java.command" value="C:\Users\Dagoberto\AppData\Local\Temp\surefire1750369290350059589\surefirebooter-20230614191455859_3.jar C:\Users\Dagoberto\AppData\Local\Temp\surefire1750369290350059589 2023-06-14T19-14-55_254-jvmRun1 surefire-20230614191455859_1tmp surefire_0-20230614191455859_2tmp"/>
    <property name="jdk.debug" value="release"/>
    <property name="surefire.test.class.path" value="C:\Users\Dagoberto\eclipse-workspace\Students.APIAutomation\target\test-classes;C:\Users\Dagoberto\eclipse-workspace\Students.APIAutomation\target\classes;C:\Users\Dagoberto\.m2\repository\io\rest-assured\rest-assured\5.3.0\rest-assured-5.3.0.jar;C:\Users\Dagoberto\.m2\repository\org\apache\groovy\groovy\4.0.6\groovy-4.0.6.jar;C:\Users\Dagoberto\.m2\repository\org\apache\groovy\groovy-xml\4.0.6\groovy-xml-4.0.6.jar;C:\Users\Dagoberto\.m2\repository\org\apache\httpcomponents\httpclient\4.5.13\httpclient-4.5.13.jar;C:\Users\Dagoberto\.m2\repository\org\apache\httpcomponents\httpcore\4.4.13\httpcore-4.4.13.jar;C:\Users\Dagoberto\.m2\repository\commons-logging\commons-logging\1.2\commons-logging-1.2.jar;C:\Users\Dagoberto\.m2\repository\org\apache\httpcomponents\httpmime\4.5.13\httpmime-4.5.13.jar;C:\Users\Dagoberto\.m2\repository\org\hamcrest\hamcrest\2.1\hamcrest-2.1.jar;C:\Users\Dagoberto\.m2\repository\org\ccil\cowan\tagsoup\tagsoup\1.2.1\tagsoup-1.2.1.jar;C:\Users\Dagoberto\.m2\repository\org\json\json\20230227\json-20230227.jar;C:\Users\Dagoberto\.m2\repository\io\rest-assured\json-path\5.3.0\json-path-5.3.0.jar;C:\Users\Dagoberto\.m2\repository\org\apache\groovy\groovy-json\4.0.6\groovy-json-4.0.6.jar;C:\Users\Dagoberto\.m2\repository\io\rest-assured\rest-assured-common\5.3.0\rest-assured-common-5.3.0.jar;C:\Users\Dagoberto\.m2\repository\io\rest-assured\xml-path\5.3.0\xml-path-5.3.0.jar;C:\Users\Dagoberto\.m2\repository\org\apache\commons\commons-lang3\3.11\commons-lang3-3.11.jar;C:\Users\Dagoberto\.m2\repository\io\rest-assured\json-schema-validator\5.3.0\json-schema-validator-5.3.0.jar;C:\Users\Dagoberto\.m2\repository\com\github\java-json-tools\json-schema-validator\2.2.14\json-schema-validator-2.2.14.jar;C:\Users\Dagoberto\.m2\repository\com\google\guava\guava\28.2-android\guava-28.2-android.jar;C:\Users\Dagoberto\.m2\repository\com\google\guava\failureaccess\1.0.1\failureaccess-1.0.1.jar;C:\Users\Dagoberto\.m2\repository\com\google\guava\listenablefuture\9999.0-empty-to-avoid-conflict-with-guava\listenablefuture-9999.0-empty-to-avoid-conflict-with-guava.jar;C:\Users\Dagoberto\.m2\repository\org\checkerframework\checker-compat-qual\2.5.5\checker-compat-qual-2.5.5.jar;C:\Users\Dagoberto\.m2\repository\com\google\errorprone\error_prone_annotations\2.3.4\error_prone_annotations-2.3.4.jar;C:\Users\Dagoberto\.m2\repository\com\google\j2objc\j2objc-annotations\1.3\j2objc-annotations-1.3.jar;C:\Users\Dagoberto\.m2\repository\com\github\java-json-tools\jackson-coreutils-equivalence\1.0\jackson-coreutils-equivalence-1.0.jar;C:\Users\Dagoberto\.m2\repository\com\github\java-json-tools\jackson-coreutils\2.0\jackson-coreutils-2.0.jar;C:\Users\Dagoberto\.m2\repository\com\github\java-json-tools\msg-simple\1.2\msg-simple-1.2.jar;C:\Users\Dagoberto\.m2\repository\com\github\java-json-tools\btf\1.3\btf-1.3.jar;C:\Users\Dagoberto\.m2\repository\com\github\java-json-tools\json-schema-core\1.2.14\json-schema-core-1.2.14.jar;C:\Users\Dagoberto\.m2\repository\com\github\java-json-tools\uri-template\0.10\uri-template-0.10.jar;C:\Users\Dagoberto\.m2\repository\org\mozilla\rhino\1.7.7.2\rhino-1.7.7.2.jar;C:\Users\Dagoberto\.m2\repository\com\sun\mail\mailapi\1.6.2\mailapi-1.6.2.jar;C:\Users\Dagoberto\.m2\repository\joda-time\joda-time\2.10.5\joda-time-2.10.5.jar;C:\Users\Dagoberto\.m2\repository\com\googlecode\libphonenumber\libphonenumber\8.11.1\libphonenumber-8.11.1.jar;C:\Users\Dagoberto\.m2\repository\com\google\code\findbugs\jsr305\3.0.2\jsr305-3.0.2.jar;C:\Users\Dagoberto\.m2\repository\net\sf\jopt-simple\jopt-simple\5.0.4\jopt-simple-5.0.4.jar;C:\Users\Dagoberto\.m2\repository\com\github\scribejava\scribejava-apis\8.3.3\scribejava-apis-8.3.3.jar;C:\Users\Dagoberto\.m2\repository\com\github\scribejava\scribejava-core\8.3.3\scribejava-core-8.3.3.jar;C:\Users\Dagoberto\.m2\repository\com\github\scribejava\scribejava-java8\8.3.3\scribejava-java8-8.3.3.jar;C:\Users\Dagoberto\.m2\repository\com\fasterxml\jackson\core\jackson-databind\2.14.0\jackson-databind-2.14.0.jar;C:\Users\Dagoberto\.m2\repository\com\fasterxml\jackson\core\jackson-annotations\2.14.0\jackson-annotations-2.14.0.jar;C:\Users\Dagoberto\.m2\repository\com\fasterxml\jackson\core\jackson-core\2.14.0\jackson-core-2.14.0.jar;C:\Users\Dagoberto\.m2\repository\com\google\code\gson\gson\2.10.1\gson-2.10.1.jar;C:\Users\Dagoberto\.m2\repository\org\testng\testng\7.7.1\testng-7.7.1.jar;C:\Users\Dagoberto\.m2\repository\org\slf4j\slf4j-api\1.7.36\slf4j-api-1.7.36.jar;C:\Users\Dagoberto\.m2\repository\com\beust\jcommander\1.82\jcommander-1.82.jar;C:\Users\Dagoberto\.m2\repository\org\webjars\jquery\3.6.1\jquery-3.6.1.jar;C:\Users\Dagoberto\.m2\repository\com\github\javafaker\javafaker\1.0.2\javafaker-1.0.2.jar;C:\Users\Dagoberto\.m2\repository\org\yaml\snakeyaml\1.23\snakeyaml-1.23-android.jar;C:\Users\Dagoberto\.m2\repository\com\github\mifmif\generex\1.0.2\generex-1.0.2.jar;C:\Users\Dagoberto\.m2\repository\dk\brics\automaton\automaton\1.11-8\automaton-1.11-8.jar;C:\Users\Dagoberto\.m2\repository\com\aventstack\extentreports\5.0.9\extentreports-5.0.9.jar;C:\Users\Dagoberto\.m2\repository\io\reactivex\rxjava3\rxjava\3.0.4\rxjava-3.0.4.jar;C:\Users\Dagoberto\.m2\repository\org\reactivestreams\reactive-streams\1.0.3\reactive-streams-1.0.3.jar;C:\Users\Dagoberto\.m2\repository\org\freemarker\freemarker\2.3.30\freemarker-2.3.30.jar;C:\Users\Dagoberto\.m2\repository\org\projectlombok\lombok\1.18.12\lombok-1.18.12.jar;C:\Users\Dagoberto\.m2\repository\org\apache\poi\poi\5.2.3\poi-5.2.3.jar;C:\Users\Dagoberto\.m2\repository\commons-codec\commons-codec\1.15\commons-codec-1.15.jar;C:\Users\Dagoberto\.m2\repository\org\apache\commons\commons-collections4\4.4\commons-collections4-4.4.jar;C:\Users\Dagoberto\.m2\repository\org\apache\commons\commons-math3\3.6.1\commons-math3-3.6.1.jar;C:\Users\Dagoberto\.m2\repository\commons-io\commons-io\2.11.0\commons-io-2.11.0.jar;C:\Users\Dagoberto\.m2\repository\com\zaxxer\SparseBitSet\1.2\SparseBitSet-1.2.jar;C:\Users\Dagoberto\.m2\repository\org\apache\poi\poi-ooxml\5.2.3\poi-ooxml-5.2.3.jar;C:\Users\Dagoberto\.m2\repository\org\apache\poi\poi-ooxml-lite\5.2.3\poi-ooxml-lite-5.2.3.jar;C:\Users\Dagoberto\.m2\repository\org\apache\xmlbeans\xmlbeans\5.1.1\xmlbeans-5.1.1.jar;C:\Users\Dagoberto\.m2\repository\org\apache\commons\commons-compress\1.21\commons-compress-1.21.jar;C:\Users\Dagoberto\.m2\repository\com\github\virtuald\curvesapi\1.07\curvesapi-1.07.jar;C:\Users\Dagoberto\.m2\repository\org\apache\logging\log4j\log4j-core\2.20.0\log4j-core-2.20.0.jar;C:\Users\Dagoberto\.m2\repository\org\apache\logging\log4j\log4j-api\2.20.0\log4j-api-2.20.0.jar;"/>
    <property name="sun.cpu.endian" value="little"/>
    <property name="user.home" value="C:\Users\Dagoberto"/>
    <property name="user.language" value="es"/>
    <property name="java.specification.vendor" value="Oracle Corporation"/>
    <property name="java.version.date" value="2022-07-19"/>
    <property name="java.home" value="C:\Program Files\Microsoft\jdk-11.0.16.8-hotspot"/>
    <property name="file.separator" value="\"/>
    <property name="basedir" value="C:\Users\Dagoberto\eclipse-workspace\Students.APIAutomation"/>
    <property name="java.vm.compressedOopsMode" value="Zero based"/>
    <property name="line.separator" value="&#10;"/>
    <property name="java.specification.name" value="Java Platform API Specification"/>
    <property name="java.vm.specification.vendor" value="Oracle Corporation"/>
    <property name="java.awt.graphicsenv" value="sun.awt.Win32GraphicsEnvironment"/>
    <property name="surefire.real.class.path" value="C:\Users\Dagoberto\AppData\Local\Temp\surefire1750369290350059589\surefirebooter-20230614191455859_3.jar"/>
    <property name="user.script" value=""/>
    <property name="sun.management.compiler" value="HotSpot 64-Bit Tiered Compilers"/>
    <property name="java.runtime.version" value="11.0.16+8-LTS"/>
    <property name="user.name" value="Dago"/>
    <property name="path.separator" value=";"/>
    <property name="os.version" value="10.0"/>
    <property name="java.runtime.name" value="OpenJDK Runtime Environment"/>
    <property name="file.encoding" value="Cp1252"/>
    <property name="java.vm.name" value="OpenJDK 64-Bit Server VM"/>
    <property name="java.vendor.version" value="Microsoft-38106"/>
    <property name="localRepository" value="C:\Users\Dagoberto\.m2\repository"/>
    <property name="java.vendor.url.bug" value="https://github.com/microsoft/openjdk/issues"/>
    <property name="java.io.tmpdir" value="C:\Users\DAGOBE~1\AppData\Local\Temp\"/>
    <property name="java.version" value="11.0.16"/>
    <property name="user.dir" value="C:\Users\Dagoberto\eclipse-workspace\Students.APIAutomation"/>
    <property name="os.arch" value="amd64"/>
    <property name="java.vm.specification.name" value="Java Virtual Machine Specification"/>
    <property name="java.awt.printerjob" value="sun.awt.windows.WPrinterJob"/>
    <property name="sun.os.patch.level" value=""/>
    <property name="java.library.path" value="C:\Program Files\Microsoft\jdk-11.0.16.8-hotspot\bin;C:\WINDOWS\Sun\Java\bin;C:\WINDOWS\system32;C:\WINDOWS;C:\Program Files\Microsoft\jdk-11.0.16.8-hotspot\bin;C:\Program Files (x86)\OpenLogic\jdk-8.0.372.07-hotspot\bin;C:\Program Files (x86)\OpenLogic\jdk-8.0.372.07-hotspot\jre\bin;C:\WINDOWS\system32;C:\WINDOWS;C:\WINDOWS\System32\Wbem;C:\WINDOWS\System32\WindowsPowerShell\v1.0\;C:\WINDOWS\System32\OpenSSH\;C:\Program Files\PuTTY\;C:\Program Files\dotnet\;C:\Program Files\nodejs\;C:\apache-maven-3.9.2\bin;&quot;;%M2%&quot;;C:\Program Files\Git\cmd;C:\Users\Dagoberto\AppData\Local\Microsoft\WindowsApps;C:\Program Files\JetBrains\IntelliJ IDEA 2022.1.3\bin;C:\Users\Dagoberto\.dotnet\tools;C:\Users\Dagoberto\AppData\Roaming\npm;."/>
    <property name="java.vm.info" value="mixed mode"/>
    <property name="java.vendor" value="Microsoft"/>
    <property name="java.vm.version" value="11.0.16+8-LTS"/>
    <property name="sun.io.unicode.encoding" value="UnicodeLittle"/>
    <property name="java.class.version" value="55.0"/>
  </properties>
  <testcase name="testPostStudent[org.testng.TestRunner@37ca3ca8](1)" classname="api.test.testsStudents" time="4.969">
    <system-out><![CDATA[19:14:59.996 [main] INFO  api.test.testsStudents - -----Inicio----
{
    "id": 7,
    "location": "Slovenia",
    "name": "Bobbie",
    "phone": "1-749-357-4347",
    "courses": [
        "Emacs Lisp",
        "bc"
    ]
}
7
19:15:04.925 [main] INFO  api.test.testsStudents - -----POST----
]]></system-out>
    <system-err><![CDATA[SLF4J: Failed to load class "org.slf4j.impl.StaticLoggerBinder".
SLF4J: Defaulting to no-operation (NOP) logger implementation
SLF4J: See http://www.slf4j.org/codes.html#StaticLoggerBinder for further details.
]]></system-err>
  </testcase>
  <testcase name="testGetStudent[org.testng.TestRunner@37ca3ca8](1)" classname="api.test.testsStudents" time="0.14">
    <system-out><![CDATA[19:15:04.964 [main] INFO  api.test.testsStudents - -----GET----
7
{
  "id": 7,
  "location": "Slovenia",
  "name": "Bobbie",
  "phone": "1-749-357-4347",
  "courses": [
    "Emacs Lisp",
    "bc"
  ]
}
7
]]></system-out>
  </testcase>
  <testcase name="testPutStudent[org.testng.TestRunner@37ca3ca8](1)" classname="api.test.testsStudents" time="0.08">
    <system-out><![CDATA[19:15:05.116 [main] INFO  api.test.testsStudents - -----DATA UPDATE----
19:15:05.118 [main] INFO  api.test.testsStudents - -----UPDATE----
{
    "id": 7,
    "location": "Zimbabwe",
    "name": "Cuc",
    "phone": "433-904-4702",
    "courses": [
        "Emacs Lisp",
        "bc"
    ]
}
7
]]></system-out>
  </testcase>
  <testcase name="testDeleteStudent[org.testng.TestRunner@37ca3ca8](1)" classname="api.test.testsStudents" time="0.075">
    <system-out><![CDATA[19:15:05.207 [main] INFO  api.test.testsStudents - -----DELETE----
{
    
}
19:15:05.279 [main] INFO  api.test.testsStudents - -----FIN----
]]></system-out>
  </testcase>
  <testcase name="testPostStudent[org.testng.TestRunner@37ca3ca8](1)" classname="api.test.testsStudents2" time="0.118">
    <system-out><![CDATA[19:15:05.376 [main] INFO  api.test.testsStudents2 - -----Inicio----
{
    "id": 7,
    "location": "Chile",
    "name": "Avery",
    "phone": "(040) 695-3747",
    "courses": [
        "XPL",
        "Aldor"
    ]
}
7
19:15:05.485 [main] INFO  api.test.testsStudents2 - -----POST----
]]></system-out>
  </testcase>
  <testcase name="testGetStudent[org.testng.TestRunner@37ca3ca8](1)" classname="api.test.testsStudents2" time="0.076">
    <system-out><![CDATA[19:15:05.495 [main] INFO  api.test.testsStudents2 - -----GET----
7
{
  "id": 7,
  "location": "Chile",
  "name": "Avery",
  "phone": "(040) 695-3747",
  "courses": [
    "XPL",
    "Aldor"
  ]
}
7
]]></system-out>
  </testcase>
  <testcase name="testPutStudent[org.testng.TestRunner@37ca3ca8](1)" classname="api.test.testsStudents2" time="0.1">
    <system-out><![CDATA[19:15:05.568 [main] INFO  api.test.testsStudents2 - -----DATA UPDATE----
19:15:05.570 [main] INFO  api.test.testsStudents2 - -----UPDATE----
{
    "id": 7,
    "location": "Tunisia",
    "name": "Humberto",
    "phone": "519.724.4859",
    "courses": [
        "XPL",
        "Aldor"
    ]
}
7
]]></system-out>
  </testcase>
  <testcase name="testDeleteStudent[org.testng.TestRunner@37ca3ca8](1)" classname="api.test.testsStudents2" time="0.052">
    <system-out><![CDATA[19:15:05.660 [main] INFO  api.test.testsStudents2 - -----DELETE----
{
    
}
19:15:05.716 [main] INFO  api.test.testsStudents2 - -----FIN----
]]></system-out>
  </testcase>
  <testcase name="testGetUser[1](1)" classname="api.test.DDTests" time="0.083">
    <system-out><![CDATA[1
HTTP/1.1 200 OK
X-Powered-By: Express
Vary: Origin, Accept-Encoding
Access-Control-Allow-Credentials: true
Cache-Control: no-cache
Pragma: no-cache
Expires: -1
X-Content-Type-Options: nosniff
Content-Type: application/json; charset=utf-8
Content-Length: 93
ETag: W/"5d-iHw/YtaJ6WXZkqJwzuxDmGVvqm0"
Date: Thu, 15 Jun 2023 00:15:07 GMT
Connection: keep-alive
Keep-Alive: timeout=5

{
    "id": 1,
    "location": "mex",
    "name": "test1",
    "phone": "123132",
    "courses": null
}
]]></system-out>
  </testcase>
  <testcase name="testGetUser[2](2)" classname="api.test.DDTests" time="0.036">
    <system-out><![CDATA[2
HTTP/1.1 200 OK
X-Powered-By: Express
Vary: Origin, Accept-Encoding
Access-Control-Allow-Credentials: true
Cache-Control: no-cache
Pragma: no-cache
Expires: -1
X-Content-Type-Options: nosniff
Content-Type: application/json; charset=utf-8
Content-Length: 92
ETag: W/"5c-IAiq5Z9iKYDax9oggblk28cVzRA"
Date: Thu, 15 Jun 2023 00:15:07 GMT
Connection: keep-alive
Keep-Alive: timeout=5

{
    "id": 2,
    "location": "usa",
    "name": "test2",
    "phone": "43546",
    "courses": null
}
]]></system-out>
  </testcase>
  <testcase name="testGetUser[3](3)" classname="api.test.DDTests" time="0.028">
    <system-out><![CDATA[3
HTTP/1.1 200 OK
X-Powered-By: Express
Vary: Origin, Accept-Encoding
Access-Control-Allow-Credentials: true
Cache-Control: no-cache
Pragma: no-cache
Expires: -1
X-Content-Type-Options: nosniff
Content-Type: application/json; charset=utf-8
Content-Length: 93
ETag: W/"5d-YE/QnYKdGUV7y0hv1ffN1664gvA"
Date: Thu, 15 Jun 2023 00:15:07 GMT
Connection: keep-alive
Keep-Alive: timeout=5

{
    "id": 3,
    "location": "chin",
    "name": "test3",
    "phone": "78778",
    "courses": null
}
]]></system-out>
  </testcase>
  <testcase name="testUpdateStudents[1, test1, mex, 123132](1)" classname="api.test.DDTests" time="0.207">
    <system-out><![CDATA[1
HTTP/1.1 200 OK
X-Powered-By: Express
Vary: Origin, Accept-Encoding
Access-Control-Allow-Credentials: true
Cache-Control: no-cache
Pragma: no-cache
Expires: -1
X-Content-Type-Options: nosniff
Content-Type: application/json; charset=utf-8
Content-Length: 93
ETag: W/"5d-iHw/YtaJ6WXZkqJwzuxDmGVvqm0"
Date: Thu, 15 Jun 2023 00:15:08 GMT
Connection: keep-alive
Keep-Alive: timeout=5

{
    "id": 1,
    "location": "mex",
    "name": "test1",
    "phone": "123132",
    "courses": null
}
]]></system-out>
  </testcase>
  <testcase name="testUpdateStudents[2, test2, usa, 43546](2)" classname="api.test.DDTests" time="0.006">
    <system-out><![CDATA[2
HTTP/1.1 200 OK
X-Powered-By: Express
Vary: Origin, Accept-Encoding
Access-Control-Allow-Credentials: true
Cache-Control: no-cache
Pragma: no-cache
Expires: -1
X-Content-Type-Options: nosniff
Content-Type: application/json; charset=utf-8
Content-Length: 92
ETag: W/"5c-IAiq5Z9iKYDax9oggblk28cVzRA"
Date: Thu, 15 Jun 2023 00:15:08 GMT
Connection: keep-alive
Keep-Alive: timeout=5

{
    "id": 2,
    "location": "usa",
    "name": "test2",
    "phone": "43546",
    "courses": null
}
]]></system-out>
  </testcase>
  <testcase name="testUpdateStudents[3, test3, chin, 78778](3)" classname="api.test.DDTests" time="0.006">
    <system-out><![CDATA[3
HTTP/1.1 200 OK
X-Powered-By: Express
Vary: Origin, Accept-Encoding
Access-Control-Allow-Credentials: true
Cache-Control: no-cache
Pragma: no-cache
Expires: -1
X-Content-Type-Options: nosniff
Content-Type: application/json; charset=utf-8
Content-Length: 93
ETag: W/"5d-YE/QnYKdGUV7y0hv1ffN1664gvA"
Date: Thu, 15 Jun 2023 00:15:08 GMT
Connection: keep-alive
Keep-Alive: timeout=5

{
    "id": 3,
    "location": "chin",
    "name": "test3",
    "phone": "78778",
    "courses": null
}
]]></system-out>
  </testcase>
</testsuite>