<?xml version="1.0" encoding="UTF-8"?>
<!-- Generated by org.testng.reporters.JUnitReportReporter -->
<testsuite hostname="HP-Dago" failures="0" tests="6" name="api.test.DDTests" time="0.322" errors="0" timestamp="2023-06-14T19:10:02 CDT" skipped="0">
  <testcase classname="api.test.DDTests" name="testGetUser" time="0.062"/>
  <system-out/>
  <testcase classname="api.test.DDTests" name="testGetUser" time="0.054"/>
  <system-out/>
  <testcase classname="api.test.DDTests" name="testGetUser" time="0.040"/>
  <system-out/>
  <testcase classname="api.test.DDTests" name="testUpdateStudents" time="0.054"/>
  <system-out/>
  <testcase classname="api.test.DDTests" name="testUpdateStudents" time="0.060"/>
  <system-out/>
  <testcase classname="api.test.DDTests" name="testUpdateStudents" time="0.052"/>
  <system-out/>
</testsuite> <!-- api.test.DDTests -->
