<?xml version="1.0" encoding="UTF-8"?>
<!-- Generated by org.testng.reporters.JUnitReportReporter -->
<testsuite hostname="HP-Dago" failures="0" tests="4" name="api.test.testsStudents" time="5.225" errors="0" timestamp="2023-06-14T19:10:02 CDT" skipped="0">
  <testcase classname="api.test.testsStudents" name="testPostStudent" time="4.913"/>
  <system-out/>
  <testcase classname="api.test.testsStudents" name="testGetStudent" time="0.133"/>
  <system-out/>
  <testcase classname="api.test.testsStudents" name="testPutStudent" time="0.100"/>
  <system-out/>
  <testcase classname="api.test.testsStudents" name="testDeleteStudent" time="0.079"/>
  <system-out/>
</testsuite> <!-- api.test.testsStudents -->
