<?xml version="1.0" encoding="UTF-8"?>
<!-- Generated by org.testng.reporters.JUnitReportReporter -->
<testsuite hostname="HP-Dago" failures="0" tests="3" name="api.test.DDTests" time="3.257" errors="0" timestamp="2023-06-14T23:45:48 CDT" skipped="0">
  <testcase classname="api.test.DDTests" name="testUpdateStudents" time="0.076"/>
  <system-out/>
  <testcase classname="api.test.DDTests" name="testUpdateStudents" time="0.073"/>
  <system-out/>
  <testcase classname="api.test.DDTests" name="testUpdateStudents" time="3.108"/>
  <system-out/>
</testsuite> <!-- api.test.DDTests -->
