<?xml version="1.0" encoding="UTF-8"?>
<!-- Generated by org.testng.reporters.JUnitReportReporter -->
<testsuite hostname="HP-Dago" failures="0" tests="6" name="api.test.DDTests" time="0.301" errors="0" timestamp="2023-06-14T19:15:09 CDT" skipped="0">
  <testcase classname="api.test.DDTests" name="testGetUser" time="0.046"/>
  <system-out/>
  <testcase classname="api.test.DDTests" name="testGetUser" time="0.050"/>
  <system-out/>
  <testcase classname="api.test.DDTests" name="testGetUser" time="0.066"/>
  <system-out/>
  <testcase classname="api.test.DDTests" name="testUpdateStudents" time="0.063"/>
  <system-out/>
  <testcase classname="api.test.DDTests" name="testUpdateStudents" time="0.027"/>
  <system-out/>
  <testcase classname="api.test.DDTests" name="testUpdateStudents" time="0.049"/>
  <system-out/>
</testsuite> <!-- api.test.DDTests -->
