<?xml version="1.0" encoding="UTF-8"?>
<!-- Generated by org.testng.reporters.JUnitReportReporter -->
<testsuite hostname="HP-Dago" failures="0" tests="4" name="api.test.testsStudents2" time="0.331" errors="0" timestamp="2023-06-14T19:15:09 CDT" skipped="0">
  <testcase classname="api.test.testsStudents2" name="testPostStudent" time="0.111"/>
  <system-out/>
  <testcase classname="api.test.testsStudents2" name="testGetStudent" time="0.072"/>
  <system-out/>
  <testcase classname="api.test.testsStudents2" name="testPutStudent" time="0.090"/>
  <system-out/>
  <testcase classname="api.test.testsStudents2" name="testDeleteStudent" time="0.058"/>
  <system-out/>
</testsuite> <!-- api.test.testsStudents2 -->
